2025-04-25 10:04:53 [restartedMain] INFO  c.e.bookingTicket.DemoApplication - Starting DemoApplication using Java 17.0.8 with PID 36716 (C:\Users\thanh\SE_Project\BookingTicketWebsite\backend\target\classes started by thanh in C:\Users\thanh\SE_Project\BookingTicketWebsite)
2025-04-25 10:04:53 [restartedMain] DEBUG c.e.bookingTicket.DemoApplication - Running with Spring Boot v3.4.4, Spring v6.2.5
2025-04-25 10:04:53 [restartedMain] INFO  c.e.bookingTicket.DemoApplication - No active profile set, falling back to 1 default profile: "default"
2025-04-25 10:04:53 [restartedMain] INFO  o.s.b.d.e.DevToolsPropertyDefaultsPostProcessor - Devtools property defaults active! Set 'spring.devtools.add-properties' to 'false' to disable
2025-04-25 10:04:53 [restartedMain] INFO  o.s.b.d.e.DevToolsPropertyDefaultsPostProcessor - For additional web related logging consider setting the 'logging.level.web' property to 'DEBUG'
2025-04-25 10:04:55 [restartedMain] INFO  o.s.d.r.c.RepositoryConfigurationDelegate - Bootstrapping Spring Data JPA repositories in DEFAULT mode.
2025-04-25 10:04:56 [restartedMain] INFO  o.s.d.r.c.RepositoryConfigurationDelegate - Finished Spring Data repository scanning in 393 ms. Found 19 JPA repository interfaces.
2025-04-25 10:04:58 [restartedMain] INFO  o.s.b.w.e.tomcat.TomcatWebServer - Tomcat initialized with port 8080 (http)
2025-04-25 10:04:58 [restartedMain] INFO  o.a.catalina.core.StandardService - Starting service [Tomcat]
2025-04-25 10:04:58 [restartedMain] INFO  o.a.catalina.core.StandardEngine - Starting Servlet engine: [Apache Tomcat/10.1.39]
2025-04-25 10:04:58 [restartedMain] INFO  o.apache.jasper.servlet.TldScanner - At least one JAR was scanned for TLDs yet contained no TLDs. Enable debug logging for this logger for a complete list of JARs that were scanned but no TLDs were found in them. Skipping unneeded JARs during scanning can improve startup time and JSP compilation time.
2025-04-25 10:04:58 [restartedMain] INFO  o.a.c.c.C.[Tomcat].[localhost].[/] - Initializing Spring embedded WebApplicationContext
2025-04-25 10:04:58 [restartedMain] INFO  o.s.b.w.s.c.ServletWebServerApplicationContext - Root WebApplicationContext: initialization completed in 5469 ms
2025-04-25 10:04:59 [restartedMain] INFO  o.h.jpa.internal.util.LogHelper - HHH000204: Processing PersistenceUnitInfo [name: default]
2025-04-25 10:04:59 [restartedMain] INFO  org.hibernate.Version - HHH000412: Hibernate ORM core version 6.6.11.Final
2025-04-25 10:04:59 [restartedMain] INFO  o.h.c.i.RegionFactoryInitiator - HHH000026: Second-level cache disabled
2025-04-25 10:05:00 [restartedMain] INFO  o.s.o.j.p.SpringPersistenceUnitInfo - No LoadTimeWeaver setup: ignoring JPA class transformer
2025-04-25 10:05:00 [restartedMain] INFO  com.zaxxer.hikari.HikariDataSource - HikariPool-1 - Starting...
2025-04-25 10:05:01 [restartedMain] INFO  com.zaxxer.hikari.pool.HikariPool - HikariPool-1 - Added connection com.mysql.cj.jdbc.ConnectionImpl@2ec13603
2025-04-25 10:05:01 [restartedMain] INFO  com.zaxxer.hikari.HikariDataSource - HikariPool-1 - Start completed.
2025-04-25 10:05:01 [restartedMain] WARN  org.hibernate.orm.deprecation - HHH90000025: MySQLDialect does not need to be specified explicitly using 'hibernate.dialect' (remove the property setting and it will be selected by default)
2025-04-25 10:05:01 [restartedMain] INFO  o.hibernate.orm.connections.pooling - HHH10001005: Database info:
	Database JDBC URL [Connecting through datasource 'HikariDataSource (HikariPool-1)']
	Database driver: undefined/unknown
	Database version: 8.0.34
	Autocommit mode: undefined/unknown
	Isolation level: undefined/unknown
	Minimum pool size: undefined/unknown
	Maximum pool size: undefined/unknown
2025-04-25 10:05:05 [restartedMain] INFO  o.h.e.t.j.p.i.JtaPlatformInitiator - HHH000489: No JTA platform available (set 'hibernate.transaction.jta.platform' to enable JTA platform integration)
2025-04-25 10:05:05 [restartedMain] INFO  o.s.o.j.LocalContainerEntityManagerFactoryBean - Initialized JPA EntityManagerFactory for persistence unit 'default'
2025-04-25 10:05:06 [restartedMain] INFO  o.s.d.j.r.query.QueryEnhancerFactory - Hibernate is in classpath; If applicable, HQL parser will be used.
2025-04-25 10:05:10 [restartedMain] WARN  o.s.b.a.t.ThymeleafAutoConfiguration$DefaultTemplateResolverConfiguration - Cannot find template location: classpath:/templates/ (please add some templates, check your Thymeleaf configuration, or set spring.thymeleaf.check-template-location=false)
2025-04-25 10:05:10 [restartedMain] INFO  o.s.b.a.h.H2ConsoleAutoConfiguration - H2 console available at '/h2-console'. Database available at 'jdbc:mysql://localhost:3306/ticket_booking?useSSL=false&serverTimezone=UTC&allowPublicKeyRetrieval=true'
2025-04-25 10:05:10 [restartedMain] INFO  o.s.b.d.a.OptionalLiveReloadServer - LiveReload server is running on port 35729
2025-04-25 10:05:10 [restartedMain] INFO  o.s.b.w.e.tomcat.TomcatWebServer - Tomcat started on port 8080 (http) with context path '/'
2025-04-25 10:05:10 [restartedMain] INFO  c.e.bookingTicket.DemoApplication - Started DemoApplication in 18.884 seconds (process running for 20.012)
2025-04-25 10:05:34 [http-nio-8080-exec-1] INFO  o.a.c.c.C.[Tomcat].[localhost].[/] - Initializing Spring DispatcherServlet 'dispatcherServlet'
2025-04-25 10:05:34 [http-nio-8080-exec-1] INFO  o.s.web.servlet.DispatcherServlet - Initializing Servlet 'dispatcherServlet'
2025-04-25 10:05:34 [http-nio-8080-exec-1] INFO  o.s.web.servlet.DispatcherServlet - Completed initialization in 0 ms
2025-04-25 10:05:34 [http-nio-8080-exec-1] DEBUG org.hibernate.SQL - 
    select
        a1_0.user_id,
        a1_0.password,
        a1_0.type,
        a1_0.user_name 
    from
        accounts a1_0 
    where
        a1_0.user_name=?
2025-04-25 10:05:55 [http-nio-8080-exec-2] DEBUG org.hibernate.SQL - 
    SELECT
        t.booking_code AS bookingCode,
        u.name AS customerName,
        u.phone AS phone,
        CONCAT(tr.origin, ' - ', tr.destination) AS route,
        tr.arrival_time AS arrivalTime,
        s.seat_number AS seatNumber,
        t.status AS ticketStatus,
        p.status AS paymentStatus     
    FROM
        ticket t     
    JOIN
        seat s 
            ON s.id = t.seat_id     
    JOIN
        trip tr 
            ON tr.id = t.trip_id     
    JOIN
        users u 
            ON u.id = t.customer_id     
    JOIN
        booking_histories h 
            ON h.seat_id = s.id 
            AND h.trip_id = tr.id     
    JOIN
        payments p 
            ON p.booking_history_id = h.id 
2025-04-25 10:05:55 [http-nio-8080-exec-3] DEBUG org.hibernate.SQL - 
    SELECT
        t.booking_code AS bookingCode,
        u.name AS customerName,
        u.phone AS phone,
        CONCAT(tr.origin, ' - ', tr.destination) AS route,
        tr.arrival_time AS arrivalTime,
        s.seat_number AS seatNumber,
        t.status AS ticketStatus,
        p.status AS paymentStatus     
    FROM
        ticket t     
    JOIN
        seat s 
            ON s.id = t.seat_id     
    JOIN
        trip tr 
            ON tr.id = t.trip_id     
    JOIN
        users u 
            ON u.id = t.customer_id     
    JOIN
        booking_histories h 
            ON h.seat_id = s.id 
            AND h.trip_id = tr.id     
    JOIN
        payments p 
            ON p.booking_history_id = h.id 
2025-04-25 10:07:00 [http-nio-8080-exec-5] DEBUG org.hibernate.SQL - 
    SELECT
        t.booking_code AS bookingCode,
        u.name AS customerName,
        u.phone AS phone,
        CONCAT(CAST(tr.origin AS CHAR), ' - ', CAST(tr.destination AS CHAR)) AS route,
        tr.arrival_time AS arrivalTime,
        s.seat_number AS seatNumber,
        t.status AS ticketStatus,
        p.status AS paymentStatus     
    FROM
        ticket t     
    JOIN
        seat s 
            ON s.id = t.seat_id     
    JOIN
        trip tr 
            ON tr.id = t.trip_id     
    JOIN
        users u 
            ON u.id = t.customer_id     
    JOIN
        booking_histories h 
            ON h.seat_id = s.id 
            AND h.trip_id = tr.id     
    JOIN
        payments p 
            ON p.booking_history_id = h.id     
    WHERE
        t.booking_code LIKE CONCAT('%', ?, '%')       
        OR u.name LIKE CONCAT('%', ?, '%')       
        OR u.phone LIKE CONCAT('%', ?, '%')       
        OR tr.origin LIKE CONCAT('%', ?, '%')       
        OR tr.destination LIKE CONCAT('%', ?, '%')       
        OR t.status LIKE CONCAT('%', ?, '%')       
        OR p.status LIKE CONCAT('%', ?, '%') 
2025-04-25 10:07:00 [http-nio-8080-exec-7] DEBUG org.hibernate.SQL - 
    SELECT
        t.booking_code AS bookingCode,
        u.name AS customerName,
        u.phone AS phone,
        CONCAT(CAST(tr.origin AS CHAR), ' - ', CAST(tr.destination AS CHAR)) AS route,
        tr.arrival_time AS arrivalTime,
        s.seat_number AS seatNumber,
        t.status AS ticketStatus,
        p.status AS paymentStatus     
    FROM
        ticket t     
    JOIN
        seat s 
            ON s.id = t.seat_id     
    JOIN
        trip tr 
            ON tr.id = t.trip_id     
    JOIN
        users u 
            ON u.id = t.customer_id     
    JOIN
        booking_histories h 
            ON h.seat_id = s.id 
            AND h.trip_id = tr.id     
    JOIN
        payments p 
            ON p.booking_history_id = h.id     
    WHERE
        t.booking_code LIKE CONCAT('%', ?, '%')       
        OR u.name LIKE CONCAT('%', ?, '%')       
        OR u.phone LIKE CONCAT('%', ?, '%')       
        OR tr.origin LIKE CONCAT('%', ?, '%')       
        OR tr.destination LIKE CONCAT('%', ?, '%')       
        OR t.status LIKE CONCAT('%', ?, '%')       
        OR p.status LIKE CONCAT('%', ?, '%') 
2025-04-25 10:07:00 [http-nio-8080-exec-8] DEBUG org.hibernate.SQL - 
    SELECT
        t.booking_code AS bookingCode,
        u.name AS customerName,
        u.phone AS phone,
        CONCAT(CAST(tr.origin AS CHAR), ' - ', CAST(tr.destination AS CHAR)) AS route,
        tr.arrival_time AS arrivalTime,
        s.seat_number AS seatNumber,
        t.status AS ticketStatus,
        p.status AS paymentStatus     
    FROM
        ticket t     
    JOIN
        seat s 
            ON s.id = t.seat_id     
    JOIN
        trip tr 
            ON tr.id = t.trip_id     
    JOIN
        users u 
            ON u.id = t.customer_id     
    JOIN
        booking_histories h 
            ON h.seat_id = s.id 
            AND h.trip_id = tr.id     
    JOIN
        payments p 
            ON p.booking_history_id = h.id     
    WHERE
        t.booking_code LIKE CONCAT('%', ?, '%')       
        OR u.name LIKE CONCAT('%', ?, '%')       
        OR u.phone LIKE CONCAT('%', ?, '%')       
        OR tr.origin LIKE CONCAT('%', ?, '%')       
        OR tr.destination LIKE CONCAT('%', ?, '%')       
        OR t.status LIKE CONCAT('%', ?, '%')       
        OR p.status LIKE CONCAT('%', ?, '%') 
2025-04-25 10:07:01 [http-nio-8080-exec-9] DEBUG org.hibernate.SQL - 
    SELECT
        t.booking_code AS bookingCode,
        u.name AS customerName,
        u.phone AS phone,
        CONCAT(CAST(tr.origin AS CHAR), ' - ', CAST(tr.destination AS CHAR)) AS route,
        tr.arrival_time AS arrivalTime,
        s.seat_number AS seatNumber,
        t.status AS ticketStatus,
        p.status AS paymentStatus     
    FROM
        ticket t     
    JOIN
        seat s 
            ON s.id = t.seat_id     
    JOIN
        trip tr 
            ON tr.id = t.trip_id     
    JOIN
        users u 
            ON u.id = t.customer_id     
    JOIN
        booking_histories h 
            ON h.seat_id = s.id 
            AND h.trip_id = tr.id     
    JOIN
        payments p 
            ON p.booking_history_id = h.id     
    WHERE
        t.booking_code LIKE CONCAT('%', ?, '%')       
        OR u.name LIKE CONCAT('%', ?, '%')       
        OR u.phone LIKE CONCAT('%', ?, '%')       
        OR tr.origin LIKE CONCAT('%', ?, '%')       
        OR tr.destination LIKE CONCAT('%', ?, '%')       
        OR t.status LIKE CONCAT('%', ?, '%')       
        OR p.status LIKE CONCAT('%', ?, '%') 
2025-04-25 10:07:01 [http-nio-8080-exec-10] DEBUG org.hibernate.SQL - 
    SELECT
        t.booking_code AS bookingCode,
        u.name AS customerName,
        u.phone AS phone,
        CONCAT(CAST(tr.origin AS CHAR), ' - ', CAST(tr.destination AS CHAR)) AS route,
        tr.arrival_time AS arrivalTime,
        s.seat_number AS seatNumber,
        t.status AS ticketStatus,
        p.status AS paymentStatus     
    FROM
        ticket t     
    JOIN
        seat s 
            ON s.id = t.seat_id     
    JOIN
        trip tr 
            ON tr.id = t.trip_id     
    JOIN
        users u 
            ON u.id = t.customer_id     
    JOIN
        booking_histories h 
            ON h.seat_id = s.id 
            AND h.trip_id = tr.id     
    JOIN
        payments p 
            ON p.booking_history_id = h.id     
    WHERE
        t.booking_code LIKE CONCAT('%', ?, '%')       
        OR u.name LIKE CONCAT('%', ?, '%')       
        OR u.phone LIKE CONCAT('%', ?, '%')       
        OR tr.origin LIKE CONCAT('%', ?, '%')       
        OR tr.destination LIKE CONCAT('%', ?, '%')       
        OR t.status LIKE CONCAT('%', ?, '%')       
        OR p.status LIKE CONCAT('%', ?, '%') 
2025-04-25 10:07:01 [http-nio-8080-exec-1] DEBUG org.hibernate.SQL - 
    SELECT
        t.booking_code AS bookingCode,
        u.name AS customerName,
        u.phone AS phone,
        CONCAT(tr.origin, ' - ', tr.destination) AS route,
        tr.arrival_time AS arrivalTime,
        s.seat_number AS seatNumber,
        t.status AS ticketStatus,
        p.status AS paymentStatus     
    FROM
        ticket t     
    JOIN
        seat s 
            ON s.id = t.seat_id     
    JOIN
        trip tr 
            ON tr.id = t.trip_id     
    JOIN
        users u 
            ON u.id = t.customer_id     
    JOIN
        booking_histories h 
            ON h.seat_id = s.id 
            AND h.trip_id = tr.id     
    JOIN
        payments p 
            ON p.booking_history_id = h.id 
2025-04-25 10:14:08 [File Watcher] INFO  o.s.b.d.a.LocalDevToolsAutoConfiguration$RestartingClassPathChangeChangedEventListener - Restarting due to 1 class path change (0 additions, 0 deletions, 1 modification)
2025-04-25 10:14:08 [Thread-5] INFO  o.s.b.w.e.tomcat.GracefulShutdown - Commencing graceful shutdown. Waiting for active requests to complete
2025-04-25 10:14:08 [tomcat-shutdown] INFO  o.s.b.w.e.tomcat.GracefulShutdown - Graceful shutdown complete
2025-04-25 10:14:08 [Thread-5] INFO  o.s.o.j.LocalContainerEntityManagerFactoryBean - Closing JPA EntityManagerFactory for persistence unit 'default'
2025-04-25 10:14:08 [Thread-5] INFO  com.zaxxer.hikari.HikariDataSource - HikariPool-1 - Shutdown initiated...
2025-04-25 10:14:08 [Thread-5] INFO  com.zaxxer.hikari.HikariDataSource - HikariPool-1 - Shutdown completed.
2025-04-25 10:14:09 [restartedMain] INFO  c.e.bookingTicket.DemoApplication - Starting DemoApplication using Java 17.0.8 with PID 36716 (C:\Users\thanh\SE_Project\BookingTicketWebsite\backend\target\classes started by thanh in C:\Users\thanh\SE_Project\BookingTicketWebsite)
2025-04-25 10:14:09 [restartedMain] DEBUG c.e.bookingTicket.DemoApplication - Running with Spring Boot v3.4.4, Spring v6.2.5
2025-04-25 10:14:09 [restartedMain] INFO  c.e.bookingTicket.DemoApplication - No active profile set, falling back to 1 default profile: "default"
2025-04-25 10:14:09 [restartedMain] INFO  o.s.d.r.c.RepositoryConfigurationDelegate - Bootstrapping Spring Data JPA repositories in DEFAULT mode.
2025-04-25 10:14:09 [restartedMain] INFO  o.s.d.r.c.RepositoryConfigurationDelegate - Finished Spring Data repository scanning in 130 ms. Found 19 JPA repository interfaces.
2025-04-25 10:14:09 [restartedMain] INFO  o.s.b.w.e.tomcat.TomcatWebServer - Tomcat initialized with port 8080 (http)
2025-04-25 10:14:09 [restartedMain] INFO  o.a.catalina.core.StandardService - Starting service [Tomcat]
2025-04-25 10:14:09 [restartedMain] INFO  o.a.catalina.core.StandardEngine - Starting Servlet engine: [Apache Tomcat/10.1.39]
2025-04-25 10:14:09 [restartedMain] INFO  o.apache.jasper.servlet.TldScanner - At least one JAR was scanned for TLDs yet contained no TLDs. Enable debug logging for this logger for a complete list of JARs that were scanned but no TLDs were found in them. Skipping unneeded JARs during scanning can improve startup time and JSP compilation time.
2025-04-25 10:14:09 [restartedMain] INFO  o.a.c.c.C.[Tomcat].[localhost].[/] - Initializing Spring embedded WebApplicationContext
2025-04-25 10:14:09 [restartedMain] INFO  o.s.b.w.s.c.ServletWebServerApplicationContext - Root WebApplicationContext: initialization completed in 638 ms
2025-04-25 10:14:09 [restartedMain] INFO  o.h.jpa.internal.util.LogHelper - HHH000204: Processing PersistenceUnitInfo [name: default]
2025-04-25 10:14:09 [restartedMain] INFO  o.h.c.i.RegionFactoryInitiator - HHH000026: Second-level cache disabled
2025-04-25 10:14:09 [restartedMain] INFO  o.s.o.j.p.SpringPersistenceUnitInfo - No LoadTimeWeaver setup: ignoring JPA class transformer
2025-04-25 10:14:09 [restartedMain] INFO  com.zaxxer.hikari.HikariDataSource - HikariPool-2 - Starting...
2025-04-25 10:14:09 [restartedMain] INFO  com.zaxxer.hikari.pool.HikariPool - HikariPool-2 - Added connection com.mysql.cj.jdbc.ConnectionImpl@f11ccd4
2025-04-25 10:14:09 [restartedMain] INFO  com.zaxxer.hikari.HikariDataSource - HikariPool-2 - Start completed.
2025-04-25 10:14:09 [restartedMain] WARN  org.hibernate.orm.deprecation - HHH90000025: MySQLDialect does not need to be specified explicitly using 'hibernate.dialect' (remove the property setting and it will be selected by default)
2025-04-25 10:14:09 [restartedMain] INFO  o.hibernate.orm.connections.pooling - HHH10001005: Database info:
	Database JDBC URL [Connecting through datasource 'HikariDataSource (HikariPool-2)']
	Database driver: undefined/unknown
	Database version: 8.0.34
	Autocommit mode: undefined/unknown
	Isolation level: undefined/unknown
	Minimum pool size: undefined/unknown
	Maximum pool size: undefined/unknown
2025-04-25 10:14:10 [restartedMain] INFO  o.h.e.t.j.p.i.JtaPlatformInitiator - HHH000489: No JTA platform available (set 'hibernate.transaction.jta.platform' to enable JTA platform integration)
2025-04-25 10:14:10 [restartedMain] INFO  o.s.o.j.LocalContainerEntityManagerFactoryBean - Initialized JPA EntityManagerFactory for persistence unit 'default'
2025-04-25 10:14:10 [restartedMain] WARN  o.s.b.a.t.ThymeleafAutoConfiguration$DefaultTemplateResolverConfiguration - Cannot find template location: classpath:/templates/ (please add some templates, check your Thymeleaf configuration, or set spring.thymeleaf.check-template-location=false)
2025-04-25 10:14:10 [restartedMain] INFO  o.s.b.a.h.H2ConsoleAutoConfiguration - H2 console available at '/h2-console'. Database available at 'jdbc:mysql://localhost:3306/ticket_booking?useSSL=false&serverTimezone=UTC&allowPublicKeyRetrieval=true'
2025-04-25 10:14:10 [restartedMain] INFO  o.s.b.d.a.OptionalLiveReloadServer - LiveReload server is running on port 35729
2025-04-25 10:14:10 [restartedMain] INFO  o.s.b.w.e.tomcat.TomcatWebServer - Tomcat started on port 8080 (http) with context path '/'
2025-04-25 10:14:10 [restartedMain] INFO  c.e.bookingTicket.DemoApplication - Started DemoApplication in 1.543 seconds (process running for 559.89)
2025-04-25 10:14:10 [restartedMain] INFO  o.s.b.d.a.ConditionEvaluationDeltaLoggingListener - Condition evaluation unchanged
2025-04-25 10:14:21 [http-nio-8080-exec-1] INFO  o.a.c.c.C.[Tomcat].[localhost].[/] - Initializing Spring DispatcherServlet 'dispatcherServlet'
2025-04-25 10:14:21 [http-nio-8080-exec-1] INFO  o.s.web.servlet.DispatcherServlet - Initializing Servlet 'dispatcherServlet'
2025-04-25 10:14:21 [http-nio-8080-exec-1] INFO  o.s.web.servlet.DispatcherServlet - Completed initialization in 1 ms
2025-04-25 10:14:21 [http-nio-8080-exec-1] DEBUG org.hibernate.SQL - 
    SELECT
        t.booking_code AS bookingCode,
        u.name AS customerName,
        u.phone AS phone,
        CONCAT(tr.origin, ' - ', tr.destination) AS route,
        tr.arrival_time AS arrivalTime,
        s.seat_number AS seatNumber,
        t.status AS ticketStatus,
        p.status AS paymentStatus     
    FROM
        ticket t     
    JOIN
        seat s 
            ON s.id = t.seat_id     
    JOIN
        trip tr 
            ON tr.id = t.trip_id     
    JOIN
        users u 
            ON u.id = t.customer_id     
    JOIN
        booking_histories h 
            ON h.seat_id = s.id 
            AND h.trip_id = tr.id     
    JOIN
        payments p 
            ON p.booking_history_id = h.id     
    WHERE
        t.status NOT IN ('CANCELED'); 
2025-04-25 10:14:25 [http-nio-8080-exec-2] DEBUG org.hibernate.SQL - 
    SELECT
        t.booking_code AS bookingCode,
        u.name AS customerName,
        u.phone AS phone,
        CONCAT(CAST(tr.origin AS CHAR), ' - ', CAST(tr.destination AS CHAR)) AS route,
        tr.arrival_time AS arrivalTime,
        s.seat_number AS seatNumber,
        t.status AS ticketStatus,
        p.status AS paymentStatus     
    FROM
        ticket t     
    JOIN
        seat s 
            ON s.id = t.seat_id     
    JOIN
        trip tr 
            ON tr.id = t.trip_id     
    JOIN
        users u 
            ON u.id = t.customer_id     
    JOIN
        booking_histories h 
            ON h.seat_id = s.id 
            AND h.trip_id = tr.id     
    JOIN
        payments p 
            ON p.booking_history_id = h.id     
    WHERE
        t.booking_code LIKE CONCAT('%', ?, '%')       
        OR u.name LIKE CONCAT('%', ?, '%')       
        OR u.phone LIKE CONCAT('%', ?, '%')       
        OR tr.origin LIKE CONCAT('%', ?, '%')       
        OR tr.destination LIKE CONCAT('%', ?, '%')       
        OR t.status LIKE CONCAT('%', ?, '%')       
        OR p.status LIKE CONCAT('%', ?, '%') 
2025-04-25 10:14:25 [http-nio-8080-exec-3] DEBUG org.hibernate.SQL - 
    SELECT
        t.booking_code AS bookingCode,
        u.name AS customerName,
        u.phone AS phone,
        CONCAT(CAST(tr.origin AS CHAR), ' - ', CAST(tr.destination AS CHAR)) AS route,
        tr.arrival_time AS arrivalTime,
        s.seat_number AS seatNumber,
        t.status AS ticketStatus,
        p.status AS paymentStatus     
    FROM
        ticket t     
    JOIN
        seat s 
            ON s.id = t.seat_id     
    JOIN
        trip tr 
            ON tr.id = t.trip_id     
    JOIN
        users u 
            ON u.id = t.customer_id     
    JOIN
        booking_histories h 
            ON h.seat_id = s.id 
            AND h.trip_id = tr.id     
    JOIN
        payments p 
            ON p.booking_history_id = h.id     
    WHERE
        t.booking_code LIKE CONCAT('%', ?, '%')       
        OR u.name LIKE CONCAT('%', ?, '%')       
        OR u.phone LIKE CONCAT('%', ?, '%')       
        OR tr.origin LIKE CONCAT('%', ?, '%')       
        OR tr.destination LIKE CONCAT('%', ?, '%')       
        OR t.status LIKE CONCAT('%', ?, '%')       
        OR p.status LIKE CONCAT('%', ?, '%') 
2025-04-25 10:14:25 [http-nio-8080-exec-4] DEBUG org.hibernate.SQL - 
    SELECT
        t.booking_code AS bookingCode,
        u.name AS customerName,
        u.phone AS phone,
        CONCAT(CAST(tr.origin AS CHAR), ' - ', CAST(tr.destination AS CHAR)) AS route,
        tr.arrival_time AS arrivalTime,
        s.seat_number AS seatNumber,
        t.status AS ticketStatus,
        p.status AS paymentStatus     
    FROM
        ticket t     
    JOIN
        seat s 
            ON s.id = t.seat_id     
    JOIN
        trip tr 
            ON tr.id = t.trip_id     
    JOIN
        users u 
            ON u.id = t.customer_id     
    JOIN
        booking_histories h 
            ON h.seat_id = s.id 
            AND h.trip_id = tr.id     
    JOIN
        payments p 
            ON p.booking_history_id = h.id     
    WHERE
        t.booking_code LIKE CONCAT('%', ?, '%')       
        OR u.name LIKE CONCAT('%', ?, '%')       
        OR u.phone LIKE CONCAT('%', ?, '%')       
        OR tr.origin LIKE CONCAT('%', ?, '%')       
        OR tr.destination LIKE CONCAT('%', ?, '%')       
        OR t.status LIKE CONCAT('%', ?, '%')       
        OR p.status LIKE CONCAT('%', ?, '%') 
2025-04-25 10:14:26 [http-nio-8080-exec-5] DEBUG org.hibernate.SQL - 
    SELECT
        t.booking_code AS bookingCode,
        u.name AS customerName,
        u.phone AS phone,
        CONCAT(CAST(tr.origin AS CHAR), ' - ', CAST(tr.destination AS CHAR)) AS route,
        tr.arrival_time AS arrivalTime,
        s.seat_number AS seatNumber,
        t.status AS ticketStatus,
        p.status AS paymentStatus     
    FROM
        ticket t     
    JOIN
        seat s 
            ON s.id = t.seat_id     
    JOIN
        trip tr 
            ON tr.id = t.trip_id     
    JOIN
        users u 
            ON u.id = t.customer_id     
    JOIN
        booking_histories h 
            ON h.seat_id = s.id 
            AND h.trip_id = tr.id     
    JOIN
        payments p 
            ON p.booking_history_id = h.id     
    WHERE
        t.booking_code LIKE CONCAT('%', ?, '%')       
        OR u.name LIKE CONCAT('%', ?, '%')       
        OR u.phone LIKE CONCAT('%', ?, '%')       
        OR tr.origin LIKE CONCAT('%', ?, '%')       
        OR tr.destination LIKE CONCAT('%', ?, '%')       
        OR t.status LIKE CONCAT('%', ?, '%')       
        OR p.status LIKE CONCAT('%', ?, '%') 
2025-04-25 10:14:26 [http-nio-8080-exec-6] DEBUG org.hibernate.SQL - 
    SELECT
        t.booking_code AS bookingCode,
        u.name AS customerName,
        u.phone AS phone,
        CONCAT(CAST(tr.origin AS CHAR), ' - ', CAST(tr.destination AS CHAR)) AS route,
        tr.arrival_time AS arrivalTime,
        s.seat_number AS seatNumber,
        t.status AS ticketStatus,
        p.status AS paymentStatus     
    FROM
        ticket t     
    JOIN
        seat s 
            ON s.id = t.seat_id     
    JOIN
        trip tr 
            ON tr.id = t.trip_id     
    JOIN
        users u 
            ON u.id = t.customer_id     
    JOIN
        booking_histories h 
            ON h.seat_id = s.id 
            AND h.trip_id = tr.id     
    JOIN
        payments p 
            ON p.booking_history_id = h.id     
    WHERE
        t.booking_code LIKE CONCAT('%', ?, '%')       
        OR u.name LIKE CONCAT('%', ?, '%')       
        OR u.phone LIKE CONCAT('%', ?, '%')       
        OR tr.origin LIKE CONCAT('%', ?, '%')       
        OR tr.destination LIKE CONCAT('%', ?, '%')       
        OR t.status LIKE CONCAT('%', ?, '%')       
        OR p.status LIKE CONCAT('%', ?, '%') 
2025-04-25 10:14:27 [http-nio-8080-exec-8] DEBUG org.hibernate.SQL - 
    SELECT
        t.booking_code AS bookingCode,
        u.name AS customerName,
        u.phone AS phone,
        CONCAT(tr.origin, ' - ', tr.destination) AS route,
        tr.arrival_time AS arrivalTime,
        s.seat_number AS seatNumber,
        t.status AS ticketStatus,
        p.status AS paymentStatus     
    FROM
        ticket t     
    JOIN
        seat s 
            ON s.id = t.seat_id     
    JOIN
        trip tr 
            ON tr.id = t.trip_id     
    JOIN
        users u 
            ON u.id = t.customer_id     
    JOIN
        booking_histories h 
            ON h.seat_id = s.id 
            AND h.trip_id = tr.id     
    JOIN
        payments p 
            ON p.booking_history_id = h.id     
    WHERE
        t.status NOT IN ('CANCELED'); 
2025-04-25 10:14:27 [http-nio-8080-exec-7] DEBUG org.hibernate.SQL - 
    SELECT
        t.booking_code AS bookingCode,
        u.name AS customerName,
        u.phone AS phone,
        CONCAT(CAST(tr.origin AS CHAR), ' - ', CAST(tr.destination AS CHAR)) AS route,
        tr.arrival_time AS arrivalTime,
        s.seat_number AS seatNumber,
        t.status AS ticketStatus,
        p.status AS paymentStatus     
    FROM
        ticket t     
    JOIN
        seat s 
            ON s.id = t.seat_id     
    JOIN
        trip tr 
            ON tr.id = t.trip_id     
    JOIN
        users u 
            ON u.id = t.customer_id     
    JOIN
        booking_histories h 
            ON h.seat_id = s.id 
            AND h.trip_id = tr.id     
    JOIN
        payments p 
            ON p.booking_history_id = h.id     
    WHERE
        t.booking_code LIKE CONCAT('%', ?, '%')       
        OR u.name LIKE CONCAT('%', ?, '%')       
        OR u.phone LIKE CONCAT('%', ?, '%')       
        OR tr.origin LIKE CONCAT('%', ?, '%')       
        OR tr.destination LIKE CONCAT('%', ?, '%')       
        OR t.status LIKE CONCAT('%', ?, '%')       
        OR p.status LIKE CONCAT('%', ?, '%') 
2025-04-25 10:14:28 [http-nio-8080-exec-9] DEBUG org.hibernate.SQL - 
    SELECT
        t.booking_code AS bookingCode,
        u.name AS customerName,
        u.phone AS phone,
        CONCAT(CAST(tr.origin AS CHAR), ' - ', CAST(tr.destination AS CHAR)) AS route,
        tr.arrival_time AS arrivalTime,
        s.seat_number AS seatNumber,
        t.status AS ticketStatus,
        p.status AS paymentStatus     
    FROM
        ticket t     
    JOIN
        seat s 
            ON s.id = t.seat_id     
    JOIN
        trip tr 
            ON tr.id = t.trip_id     
    JOIN
        users u 
            ON u.id = t.customer_id     
    JOIN
        booking_histories h 
            ON h.seat_id = s.id 
            AND h.trip_id = tr.id     
    JOIN
        payments p 
            ON p.booking_history_id = h.id     
    WHERE
        t.booking_code LIKE CONCAT('%', ?, '%')       
        OR u.name LIKE CONCAT('%', ?, '%')       
        OR u.phone LIKE CONCAT('%', ?, '%')       
        OR tr.origin LIKE CONCAT('%', ?, '%')       
        OR tr.destination LIKE CONCAT('%', ?, '%')       
        OR t.status LIKE CONCAT('%', ?, '%')       
        OR p.status LIKE CONCAT('%', ?, '%') 
2025-04-25 10:14:28 [http-nio-8080-exec-10] DEBUG org.hibernate.SQL - 
    SELECT
        t.booking_code AS bookingCode,
        u.name AS customerName,
        u.phone AS phone,
        CONCAT(CAST(tr.origin AS CHAR), ' - ', CAST(tr.destination AS CHAR)) AS route,
        tr.arrival_time AS arrivalTime,
        s.seat_number AS seatNumber,
        t.status AS ticketStatus,
        p.status AS paymentStatus     
    FROM
        ticket t     
    JOIN
        seat s 
            ON s.id = t.seat_id     
    JOIN
        trip tr 
            ON tr.id = t.trip_id     
    JOIN
        users u 
            ON u.id = t.customer_id     
    JOIN
        booking_histories h 
            ON h.seat_id = s.id 
            AND h.trip_id = tr.id     
    JOIN
        payments p 
            ON p.booking_history_id = h.id     
    WHERE
        t.booking_code LIKE CONCAT('%', ?, '%')       
        OR u.name LIKE CONCAT('%', ?, '%')       
        OR u.phone LIKE CONCAT('%', ?, '%')       
        OR tr.origin LIKE CONCAT('%', ?, '%')       
        OR tr.destination LIKE CONCAT('%', ?, '%')       
        OR t.status LIKE CONCAT('%', ?, '%')       
        OR p.status LIKE CONCAT('%', ?, '%') 
2025-04-25 10:14:28 [http-nio-8080-exec-1] DEBUG org.hibernate.SQL - 
    SELECT
        t.booking_code AS bookingCode,
        u.name AS customerName,
        u.phone AS phone,
        CONCAT(CAST(tr.origin AS CHAR), ' - ', CAST(tr.destination AS CHAR)) AS route,
        tr.arrival_time AS arrivalTime,
        s.seat_number AS seatNumber,
        t.status AS ticketStatus,
        p.status AS paymentStatus     
    FROM
        ticket t     
    JOIN
        seat s 
            ON s.id = t.seat_id     
    JOIN
        trip tr 
            ON tr.id = t.trip_id     
    JOIN
        users u 
            ON u.id = t.customer_id     
    JOIN
        booking_histories h 
            ON h.seat_id = s.id 
            AND h.trip_id = tr.id     
    JOIN
        payments p 
            ON p.booking_history_id = h.id     
    WHERE
        t.booking_code LIKE CONCAT('%', ?, '%')       
        OR u.name LIKE CONCAT('%', ?, '%')       
        OR u.phone LIKE CONCAT('%', ?, '%')       
        OR tr.origin LIKE CONCAT('%', ?, '%')       
        OR tr.destination LIKE CONCAT('%', ?, '%')       
        OR t.status LIKE CONCAT('%', ?, '%')       
        OR p.status LIKE CONCAT('%', ?, '%') 
2025-04-25 10:14:28 [http-nio-8080-exec-2] DEBUG org.hibernate.SQL - 
    SELECT
        t.booking_code AS bookingCode,
        u.name AS customerName,
        u.phone AS phone,
        CONCAT(CAST(tr.origin AS CHAR), ' - ', CAST(tr.destination AS CHAR)) AS route,
        tr.arrival_time AS arrivalTime,
        s.seat_number AS seatNumber,
        t.status AS ticketStatus,
        p.status AS paymentStatus     
    FROM
        ticket t     
    JOIN
        seat s 
            ON s.id = t.seat_id     
    JOIN
        trip tr 
            ON tr.id = t.trip_id     
    JOIN
        users u 
            ON u.id = t.customer_id     
    JOIN
        booking_histories h 
            ON h.seat_id = s.id 
            AND h.trip_id = tr.id     
    JOIN
        payments p 
            ON p.booking_history_id = h.id     
    WHERE
        t.booking_code LIKE CONCAT('%', ?, '%')       
        OR u.name LIKE CONCAT('%', ?, '%')       
        OR u.phone LIKE CONCAT('%', ?, '%')       
        OR tr.origin LIKE CONCAT('%', ?, '%')       
        OR tr.destination LIKE CONCAT('%', ?, '%')       
        OR t.status LIKE CONCAT('%', ?, '%')       
        OR p.status LIKE CONCAT('%', ?, '%') 
2025-04-25 10:14:29 [http-nio-8080-exec-3] DEBUG org.hibernate.SQL - 
    SELECT
        t.booking_code AS bookingCode,
        u.name AS customerName,
        u.phone AS phone,
        CONCAT(tr.origin, ' - ', tr.destination) AS route,
        tr.arrival_time AS arrivalTime,
        s.seat_number AS seatNumber,
        t.status AS ticketStatus,
        p.status AS paymentStatus     
    FROM
        ticket t     
    JOIN
        seat s 
            ON s.id = t.seat_id     
    JOIN
        trip tr 
            ON tr.id = t.trip_id     
    JOIN
        users u 
            ON u.id = t.customer_id     
    JOIN
        booking_histories h 
            ON h.seat_id = s.id 
            AND h.trip_id = tr.id     
    JOIN
        payments p 
            ON p.booking_history_id = h.id     
    WHERE
        t.status NOT IN ('CANCELED'); 
2025-04-25 10:14:31 [http-nio-8080-exec-4] DEBUG org.hibernate.SQL - 
    SELECT
        t.booking_code AS bookingCode,
        u.name AS customerName,
        u.phone AS phone,
        CONCAT(CAST(tr.origin AS CHAR), ' - ', CAST(tr.destination AS CHAR)) AS route,
        tr.arrival_time AS arrivalTime,
        s.seat_number AS seatNumber,
        t.status AS ticketStatus,
        p.status AS paymentStatus     
    FROM
        ticket t     
    JOIN
        seat s 
            ON s.id = t.seat_id     
    JOIN
        trip tr 
            ON tr.id = t.trip_id     
    JOIN
        users u 
            ON u.id = t.customer_id     
    JOIN
        booking_histories h 
            ON h.seat_id = s.id 
            AND h.trip_id = tr.id     
    JOIN
        payments p 
            ON p.booking_history_id = h.id     
    WHERE
        t.booking_code LIKE CONCAT('%', ?, '%')       
        OR u.name LIKE CONCAT('%', ?, '%')       
        OR u.phone LIKE CONCAT('%', ?, '%')       
        OR tr.origin LIKE CONCAT('%', ?, '%')       
        OR tr.destination LIKE CONCAT('%', ?, '%')       
        OR t.status LIKE CONCAT('%', ?, '%')       
        OR p.status LIKE CONCAT('%', ?, '%') 
2025-04-25 10:14:31 [http-nio-8080-exec-5] DEBUG org.hibernate.SQL - 
    SELECT
        t.booking_code AS bookingCode,
        u.name AS customerName,
        u.phone AS phone,
        CONCAT(CAST(tr.origin AS CHAR), ' - ', CAST(tr.destination AS CHAR)) AS route,
        tr.arrival_time AS arrivalTime,
        s.seat_number AS seatNumber,
        t.status AS ticketStatus,
        p.status AS paymentStatus     
    FROM
        ticket t     
    JOIN
        seat s 
            ON s.id = t.seat_id     
    JOIN
        trip tr 
            ON tr.id = t.trip_id     
    JOIN
        users u 
            ON u.id = t.customer_id     
    JOIN
        booking_histories h 
            ON h.seat_id = s.id 
            AND h.trip_id = tr.id     
    JOIN
        payments p 
            ON p.booking_history_id = h.id     
    WHERE
        t.booking_code LIKE CONCAT('%', ?, '%')       
        OR u.name LIKE CONCAT('%', ?, '%')       
        OR u.phone LIKE CONCAT('%', ?, '%')       
        OR tr.origin LIKE CONCAT('%', ?, '%')       
        OR tr.destination LIKE CONCAT('%', ?, '%')       
        OR t.status LIKE CONCAT('%', ?, '%')       
        OR p.status LIKE CONCAT('%', ?, '%') 
2025-04-25 10:14:31 [http-nio-8080-exec-6] DEBUG org.hibernate.SQL - 
    SELECT
        t.booking_code AS bookingCode,
        u.name AS customerName,
        u.phone AS phone,
        CONCAT(CAST(tr.origin AS CHAR), ' - ', CAST(tr.destination AS CHAR)) AS route,
        tr.arrival_time AS arrivalTime,
        s.seat_number AS seatNumber,
        t.status AS ticketStatus,
        p.status AS paymentStatus     
    FROM
        ticket t     
    JOIN
        seat s 
            ON s.id = t.seat_id     
    JOIN
        trip tr 
            ON tr.id = t.trip_id     
    JOIN
        users u 
            ON u.id = t.customer_id     
    JOIN
        booking_histories h 
            ON h.seat_id = s.id 
            AND h.trip_id = tr.id     
    JOIN
        payments p 
            ON p.booking_history_id = h.id     
    WHERE
        t.booking_code LIKE CONCAT('%', ?, '%')       
        OR u.name LIKE CONCAT('%', ?, '%')       
        OR u.phone LIKE CONCAT('%', ?, '%')       
        OR tr.origin LIKE CONCAT('%', ?, '%')       
        OR tr.destination LIKE CONCAT('%', ?, '%')       
        OR t.status LIKE CONCAT('%', ?, '%')       
        OR p.status LIKE CONCAT('%', ?, '%') 
2025-04-25 10:14:32 [http-nio-8080-exec-8] DEBUG org.hibernate.SQL - 
    SELECT
        t.booking_code AS bookingCode,
        u.name AS customerName,
        u.phone AS phone,
        CONCAT(CAST(tr.origin AS CHAR), ' - ', CAST(tr.destination AS CHAR)) AS route,
        tr.arrival_time AS arrivalTime,
        s.seat_number AS seatNumber,
        t.status AS ticketStatus,
        p.status AS paymentStatus     
    FROM
        ticket t     
    JOIN
        seat s 
            ON s.id = t.seat_id     
    JOIN
        trip tr 
            ON tr.id = t.trip_id     
    JOIN
        users u 
            ON u.id = t.customer_id     
    JOIN
        booking_histories h 
            ON h.seat_id = s.id 
            AND h.trip_id = tr.id     
    JOIN
        payments p 
            ON p.booking_history_id = h.id     
    WHERE
        t.booking_code LIKE CONCAT('%', ?, '%')       
        OR u.name LIKE CONCAT('%', ?, '%')       
        OR u.phone LIKE CONCAT('%', ?, '%')       
        OR tr.origin LIKE CONCAT('%', ?, '%')       
        OR tr.destination LIKE CONCAT('%', ?, '%')       
        OR t.status LIKE CONCAT('%', ?, '%')       
        OR p.status LIKE CONCAT('%', ?, '%') 
2025-04-25 10:14:32 [http-nio-8080-exec-7] DEBUG org.hibernate.SQL - 
    SELECT
        t.booking_code AS bookingCode,
        u.name AS customerName,
        u.phone AS phone,
        CONCAT(CAST(tr.origin AS CHAR), ' - ', CAST(tr.destination AS CHAR)) AS route,
        tr.arrival_time AS arrivalTime,
        s.seat_number AS seatNumber,
        t.status AS ticketStatus,
        p.status AS paymentStatus     
    FROM
        ticket t     
    JOIN
        seat s 
            ON s.id = t.seat_id     
    JOIN
        trip tr 
            ON tr.id = t.trip_id     
    JOIN
        users u 
            ON u.id = t.customer_id     
    JOIN
        booking_histories h 
            ON h.seat_id = s.id 
            AND h.trip_id = tr.id     
    JOIN
        payments p 
            ON p.booking_history_id = h.id     
    WHERE
        t.booking_code LIKE CONCAT('%', ?, '%')       
        OR u.name LIKE CONCAT('%', ?, '%')       
        OR u.phone LIKE CONCAT('%', ?, '%')       
        OR tr.origin LIKE CONCAT('%', ?, '%')       
        OR tr.destination LIKE CONCAT('%', ?, '%')       
        OR t.status LIKE CONCAT('%', ?, '%')       
        OR p.status LIKE CONCAT('%', ?, '%') 
2025-04-25 10:14:32 [http-nio-8080-exec-9] DEBUG org.hibernate.SQL - 
    SELECT
        t.booking_code AS bookingCode,
        u.name AS customerName,
        u.phone AS phone,
        CONCAT(tr.origin, ' - ', tr.destination) AS route,
        tr.arrival_time AS arrivalTime,
        s.seat_number AS seatNumber,
        t.status AS ticketStatus,
        p.status AS paymentStatus     
    FROM
        ticket t     
    JOIN
        seat s 
            ON s.id = t.seat_id     
    JOIN
        trip tr 
            ON tr.id = t.trip_id     
    JOIN
        users u 
            ON u.id = t.customer_id     
    JOIN
        booking_histories h 
            ON h.seat_id = s.id 
            AND h.trip_id = tr.id     
    JOIN
        payments p 
            ON p.booking_history_id = h.id     
    WHERE
        t.status NOT IN ('CANCELED'); 
2025-04-25 10:14:34 [http-nio-8080-exec-10] DEBUG org.hibernate.SQL - 
    SELECT
        t.booking_code AS bookingCode,
        u.name AS customerName,
        u.phone AS phone,
        CONCAT(CAST(tr.origin AS CHAR), ' - ', CAST(tr.destination AS CHAR)) AS route,
        tr.arrival_time AS arrivalTime,
        s.seat_number AS seatNumber,
        t.status AS ticketStatus,
        p.status AS paymentStatus     
    FROM
        ticket t     
    JOIN
        seat s 
            ON s.id = t.seat_id     
    JOIN
        trip tr 
            ON tr.id = t.trip_id     
    JOIN
        users u 
            ON u.id = t.customer_id     
    JOIN
        booking_histories h 
            ON h.seat_id = s.id 
            AND h.trip_id = tr.id     
    JOIN
        payments p 
            ON p.booking_history_id = h.id     
    WHERE
        t.booking_code LIKE CONCAT('%', ?, '%')       
        OR u.name LIKE CONCAT('%', ?, '%')       
        OR u.phone LIKE CONCAT('%', ?, '%')       
        OR tr.origin LIKE CONCAT('%', ?, '%')       
        OR tr.destination LIKE CONCAT('%', ?, '%')       
        OR t.status LIKE CONCAT('%', ?, '%')       
        OR p.status LIKE CONCAT('%', ?, '%') 
2025-04-25 10:14:58 [File Watcher] INFO  o.s.b.d.a.LocalDevToolsAutoConfiguration$RestartingClassPathChangeChangedEventListener - Restarting due to 1 class path change (0 additions, 0 deletions, 1 modification)
2025-04-25 10:14:58 [Thread-7] INFO  o.s.b.w.e.tomcat.GracefulShutdown - Commencing graceful shutdown. Waiting for active requests to complete
2025-04-25 10:14:58 [tomcat-shutdown] INFO  o.s.b.w.e.tomcat.GracefulShutdown - Graceful shutdown complete
2025-04-25 10:14:58 [Thread-7] INFO  o.s.o.j.LocalContainerEntityManagerFactoryBean - Closing JPA EntityManagerFactory for persistence unit 'default'
2025-04-25 10:14:58 [Thread-7] INFO  com.zaxxer.hikari.HikariDataSource - HikariPool-2 - Shutdown initiated...
2025-04-25 10:14:58 [Thread-7] INFO  com.zaxxer.hikari.HikariDataSource - HikariPool-2 - Shutdown completed.
2025-04-25 10:14:58 [restartedMain] INFO  c.e.bookingTicket.DemoApplication - Starting DemoApplication using Java 17.0.8 with PID 36716 (C:\Users\thanh\SE_Project\BookingTicketWebsite\backend\target\classes started by thanh in C:\Users\thanh\SE_Project\BookingTicketWebsite)
2025-04-25 10:14:58 [restartedMain] DEBUG c.e.bookingTicket.DemoApplication - Running with Spring Boot v3.4.4, Spring v6.2.5
2025-04-25 10:14:58 [restartedMain] INFO  c.e.bookingTicket.DemoApplication - No active profile set, falling back to 1 default profile: "default"
2025-04-25 10:14:58 [restartedMain] INFO  o.s.d.r.c.RepositoryConfigurationDelegate - Bootstrapping Spring Data JPA repositories in DEFAULT mode.
2025-04-25 10:14:59 [restartedMain] INFO  o.s.d.r.c.RepositoryConfigurationDelegate - Finished Spring Data repository scanning in 56 ms. Found 19 JPA repository interfaces.
2025-04-25 10:14:59 [restartedMain] INFO  o.s.b.w.e.tomcat.TomcatWebServer - Tomcat initialized with port 8080 (http)
2025-04-25 10:14:59 [restartedMain] INFO  o.a.catalina.core.StandardService - Starting service [Tomcat]
2025-04-25 10:14:59 [restartedMain] INFO  o.a.catalina.core.StandardEngine - Starting Servlet engine: [Apache Tomcat/10.1.39]
2025-04-25 10:14:59 [restartedMain] INFO  o.apache.jasper.servlet.TldScanner - At least one JAR was scanned for TLDs yet contained no TLDs. Enable debug logging for this logger for a complete list of JARs that were scanned but no TLDs were found in them. Skipping unneeded JARs during scanning can improve startup time and JSP compilation time.
2025-04-25 10:14:59 [restartedMain] INFO  o.a.c.c.C.[Tomcat].[localhost].[/] - Initializing Spring embedded WebApplicationContext
2025-04-25 10:14:59 [restartedMain] INFO  o.s.b.w.s.c.ServletWebServerApplicationContext - Root WebApplicationContext: initialization completed in 426 ms
2025-04-25 10:14:59 [restartedMain] INFO  o.h.jpa.internal.util.LogHelper - HHH000204: Processing PersistenceUnitInfo [name: default]
2025-04-25 10:14:59 [restartedMain] INFO  o.h.c.i.RegionFactoryInitiator - HHH000026: Second-level cache disabled
2025-04-25 10:14:59 [restartedMain] INFO  o.s.o.j.p.SpringPersistenceUnitInfo - No LoadTimeWeaver setup: ignoring JPA class transformer
2025-04-25 10:14:59 [restartedMain] INFO  com.zaxxer.hikari.HikariDataSource - HikariPool-3 - Starting...
2025-04-25 10:14:59 [restartedMain] INFO  com.zaxxer.hikari.pool.HikariPool - HikariPool-3 - Added connection com.mysql.cj.jdbc.ConnectionImpl@3e322bd
2025-04-25 10:14:59 [restartedMain] INFO  com.zaxxer.hikari.HikariDataSource - HikariPool-3 - Start completed.
2025-04-25 10:14:59 [restartedMain] WARN  org.hibernate.orm.deprecation - HHH90000025: MySQLDialect does not need to be specified explicitly using 'hibernate.dialect' (remove the property setting and it will be selected by default)
2025-04-25 10:14:59 [restartedMain] INFO  o.hibernate.orm.connections.pooling - HHH10001005: Database info:
	Database JDBC URL [Connecting through datasource 'HikariDataSource (HikariPool-3)']
	Database driver: undefined/unknown
	Database version: 8.0.34
	Autocommit mode: undefined/unknown
	Isolation level: undefined/unknown
	Minimum pool size: undefined/unknown
	Maximum pool size: undefined/unknown
2025-04-25 10:14:59 [restartedMain] INFO  o.h.e.t.j.p.i.JtaPlatformInitiator - HHH000489: No JTA platform available (set 'hibernate.transaction.jta.platform' to enable JTA platform integration)
2025-04-25 10:14:59 [restartedMain] INFO  o.s.o.j.LocalContainerEntityManagerFactoryBean - Initialized JPA EntityManagerFactory for persistence unit 'default'
2025-04-25 10:15:00 [restartedMain] WARN  o.s.b.a.t.ThymeleafAutoConfiguration$DefaultTemplateResolverConfiguration - Cannot find template location: classpath:/templates/ (please add some templates, check your Thymeleaf configuration, or set spring.thymeleaf.check-template-location=false)
2025-04-25 10:15:00 [restartedMain] INFO  o.s.b.a.h.H2ConsoleAutoConfiguration - H2 console available at '/h2-console'. Database available at 'jdbc:mysql://localhost:3306/ticket_booking?useSSL=false&serverTimezone=UTC&allowPublicKeyRetrieval=true'
2025-04-25 10:15:00 [restartedMain] INFO  o.s.b.d.a.OptionalLiveReloadServer - LiveReload server is running on port 35729
2025-04-25 10:15:00 [restartedMain] INFO  o.s.b.w.e.tomcat.TomcatWebServer - Tomcat started on port 8080 (http) with context path '/'
2025-04-25 10:15:00 [restartedMain] INFO  c.e.bookingTicket.DemoApplication - Started DemoApplication in 1.513 seconds (process running for 609.494)
2025-04-25 10:15:00 [restartedMain] INFO  o.s.b.d.a.ConditionEvaluationDeltaLoggingListener - Condition evaluation unchanged
2025-04-25 10:15:04 [http-nio-8080-exec-1] INFO  o.a.c.c.C.[Tomcat].[localhost].[/] - Initializing Spring DispatcherServlet 'dispatcherServlet'
2025-04-25 10:15:04 [http-nio-8080-exec-1] INFO  o.s.web.servlet.DispatcherServlet - Initializing Servlet 'dispatcherServlet'
2025-04-25 10:15:04 [http-nio-8080-exec-1] INFO  o.s.web.servlet.DispatcherServlet - Completed initialization in 1 ms
2025-04-25 10:15:04 [http-nio-8080-exec-1] DEBUG org.hibernate.SQL - 
    SELECT
        t.booking_code AS bookingCode,
        u.name AS customerName,
        u.phone AS phone,
        CONCAT(tr.origin, ' - ', tr.destination) AS route,
        tr.arrival_time AS arrivalTime,
        s.seat_number AS seatNumber,
        t.status AS ticketStatus,
        p.status AS paymentStatus     
    FROM
        ticket t     
    JOIN
        seat s 
            ON s.id = t.seat_id     
    JOIN
        trip tr 
            ON tr.id = t.trip_id     
    JOIN
        users u 
            ON u.id = t.customer_id     
    JOIN
        booking_histories h 
            ON h.seat_id = s.id 
            AND h.trip_id = tr.id     
    JOIN
        payments p 
            ON p.booking_history_id = h.id     
    WHERE
        t.status NOT IN ('CANCELED'); 
2025-04-25 10:15:05 [http-nio-8080-exec-2] DEBUG org.hibernate.SQL - 
    SELECT
        t.booking_code AS bookingCode,
        u.name AS customerName,
        u.phone AS phone,
        CONCAT(CAST(tr.origin AS CHAR), ' - ', CAST(tr.destination AS CHAR)) AS route,
        tr.arrival_time AS arrivalTime,
        s.seat_number AS seatNumber,
        t.status AS ticketStatus,
        p.status AS paymentStatus     
    FROM
        ticket t     
    JOIN
        seat s 
            ON s.id = t.seat_id     
    JOIN
        trip tr 
            ON tr.id = t.trip_id     
    JOIN
        users u 
            ON u.id = t.customer_id     
    JOIN
        booking_histories h 
            ON h.seat_id = s.id 
            AND h.trip_id = tr.id     
    JOIN
        payments p 
            ON p.booking_history_id = h.id     
    WHERE
        t.booking_code LIKE CONCAT('%', ?, '%')       
        OR u.name LIKE CONCAT('%', ?, '%')       
        OR u.phone LIKE CONCAT('%', ?, '%')       
        OR tr.origin LIKE CONCAT('%', ?, '%')       
        OR tr.destination LIKE CONCAT('%', ?, '%')       
        OR t.status LIKE CONCAT('%', ?, '%')       
        OR p.status LIKE CONCAT('%', ?, '%')       
        AND t.status NOT IN ('CANCELED'); 
2025-04-25 10:15:05 [http-nio-8080-exec-3] DEBUG org.hibernate.SQL - 
    SELECT
        t.booking_code AS bookingCode,
        u.name AS customerName,
        u.phone AS phone,
        CONCAT(CAST(tr.origin AS CHAR), ' - ', CAST(tr.destination AS CHAR)) AS route,
        tr.arrival_time AS arrivalTime,
        s.seat_number AS seatNumber,
        t.status AS ticketStatus,
        p.status AS paymentStatus     
    FROM
        ticket t     
    JOIN
        seat s 
            ON s.id = t.seat_id     
    JOIN
        trip tr 
            ON tr.id = t.trip_id     
    JOIN
        users u 
            ON u.id = t.customer_id     
    JOIN
        booking_histories h 
            ON h.seat_id = s.id 
            AND h.trip_id = tr.id     
    JOIN
        payments p 
            ON p.booking_history_id = h.id     
    WHERE
        t.booking_code LIKE CONCAT('%', ?, '%')       
        OR u.name LIKE CONCAT('%', ?, '%')       
        OR u.phone LIKE CONCAT('%', ?, '%')       
        OR tr.origin LIKE CONCAT('%', ?, '%')       
        OR tr.destination LIKE CONCAT('%', ?, '%')       
        OR t.status LIKE CONCAT('%', ?, '%')       
        OR p.status LIKE CONCAT('%', ?, '%')       
        AND t.status NOT IN ('CANCELED'); 
2025-04-25 10:15:06 [http-nio-8080-exec-4] DEBUG org.hibernate.SQL - 
    SELECT
        t.booking_code AS bookingCode,
        u.name AS customerName,
        u.phone AS phone,
        CONCAT(CAST(tr.origin AS CHAR), ' - ', CAST(tr.destination AS CHAR)) AS route,
        tr.arrival_time AS arrivalTime,
        s.seat_number AS seatNumber,
        t.status AS ticketStatus,
        p.status AS paymentStatus     
    FROM
        ticket t     
    JOIN
        seat s 
            ON s.id = t.seat_id     
    JOIN
        trip tr 
            ON tr.id = t.trip_id     
    JOIN
        users u 
            ON u.id = t.customer_id     
    JOIN
        booking_histories h 
            ON h.seat_id = s.id 
            AND h.trip_id = tr.id     
    JOIN
        payments p 
            ON p.booking_history_id = h.id     
    WHERE
        t.booking_code LIKE CONCAT('%', ?, '%')       
        OR u.name LIKE CONCAT('%', ?, '%')       
        OR u.phone LIKE CONCAT('%', ?, '%')       
        OR tr.origin LIKE CONCAT('%', ?, '%')       
        OR tr.destination LIKE CONCAT('%', ?, '%')       
        OR t.status LIKE CONCAT('%', ?, '%')       
        OR p.status LIKE CONCAT('%', ?, '%')       
        AND t.status NOT IN ('CANCELED'); 
2025-04-25 10:15:08 [http-nio-8080-exec-5] DEBUG org.hibernate.SQL - 
    SELECT
        t.booking_code AS bookingCode,
        u.name AS customerName,
        u.phone AS phone,
        CONCAT(tr.origin, ' - ', tr.destination) AS route,
        tr.arrival_time AS arrivalTime,
        s.seat_number AS seatNumber,
        t.status AS ticketStatus,
        p.status AS paymentStatus     
    FROM
        ticket t     
    JOIN
        seat s 
            ON s.id = t.seat_id     
    JOIN
        trip tr 
            ON tr.id = t.trip_id     
    JOIN
        users u 
            ON u.id = t.customer_id     
    JOIN
        booking_histories h 
            ON h.seat_id = s.id 
            AND h.trip_id = tr.id     
    JOIN
        payments p 
            ON p.booking_history_id = h.id     
    WHERE
        t.status NOT IN ('CANCELED'); 
2025-04-25 10:15:09 [http-nio-8080-exec-6] DEBUG org.hibernate.SQL - 
    SELECT
        t.booking_code AS bookingCode,
        u.name AS customerName,
        u.phone AS phone,
        CONCAT(tr.origin, ' - ', tr.destination) AS route,
        tr.arrival_time AS arrivalTime,
        s.seat_number AS seatNumber,
        t.status AS ticketStatus,
        p.status AS paymentStatus     
    FROM
        ticket t     
    JOIN
        seat s 
            ON s.id = t.seat_id     
    JOIN
        trip tr 
            ON tr.id = t.trip_id     
    JOIN
        users u 
            ON u.id = t.customer_id     
    JOIN
        booking_histories h 
            ON h.seat_id = s.id 
            AND h.trip_id = tr.id     
    JOIN
        payments p 
            ON p.booking_history_id = h.id     
    WHERE
        t.status NOT IN ('CANCELED'); 
2025-04-25 10:15:11 [http-nio-8080-exec-7] DEBUG org.hibernate.SQL - 
    SELECT
        t.booking_code AS bookingCode,
        u.name AS customerName,
        u.phone AS phone,
        CONCAT(CAST(tr.origin AS CHAR), ' - ', CAST(tr.destination AS CHAR)) AS route,
        tr.arrival_time AS arrivalTime,
        s.seat_number AS seatNumber,
        t.status AS ticketStatus,
        p.status AS paymentStatus     
    FROM
        ticket t     
    JOIN
        seat s 
            ON s.id = t.seat_id     
    JOIN
        trip tr 
            ON tr.id = t.trip_id     
    JOIN
        users u 
            ON u.id = t.customer_id     
    JOIN
        booking_histories h 
            ON h.seat_id = s.id 
            AND h.trip_id = tr.id     
    JOIN
        payments p 
            ON p.booking_history_id = h.id     
    WHERE
        t.booking_code LIKE CONCAT('%', ?, '%')       
        OR u.name LIKE CONCAT('%', ?, '%')       
        OR u.phone LIKE CONCAT('%', ?, '%')       
        OR tr.origin LIKE CONCAT('%', ?, '%')       
        OR tr.destination LIKE CONCAT('%', ?, '%')       
        OR t.status LIKE CONCAT('%', ?, '%')       
        OR p.status LIKE CONCAT('%', ?, '%')       
        AND t.status NOT IN ('CANCELED'); 
2025-04-25 10:15:19 [http-nio-8080-exec-8] DEBUG org.hibernate.SQL - 
    SELECT
        t.booking_code AS bookingCode,
        u.name AS customerName,
        u.phone AS phone,
        CONCAT(tr.origin, ' - ', tr.destination) AS route,
        tr.arrival_time AS arrivalTime,
        s.seat_number AS seatNumber,
        t.status AS ticketStatus,
        p.status AS paymentStatus     
    FROM
        ticket t     
    JOIN
        seat s 
            ON s.id = t.seat_id     
    JOIN
        trip tr 
            ON tr.id = t.trip_id     
    JOIN
        users u 
            ON u.id = t.customer_id     
    JOIN
        booking_histories h 
            ON h.seat_id = s.id 
            AND h.trip_id = tr.id     
    JOIN
        payments p 
            ON p.booking_history_id = h.id     
    WHERE
        t.status NOT IN ('CANCELED'); 
2025-04-25 10:16:00 [File Watcher] INFO  o.s.b.d.a.LocalDevToolsAutoConfiguration$RestartingClassPathChangeChangedEventListener - Restarting due to 1 class path change (0 additions, 0 deletions, 1 modification)
2025-04-25 10:16:00 [Thread-11] INFO  o.s.b.w.e.tomcat.GracefulShutdown - Commencing graceful shutdown. Waiting for active requests to complete
2025-04-25 10:16:00 [tomcat-shutdown] INFO  o.s.b.w.e.tomcat.GracefulShutdown - Graceful shutdown complete
2025-04-25 10:16:00 [Thread-11] INFO  o.s.o.j.LocalContainerEntityManagerFactoryBean - Closing JPA EntityManagerFactory for persistence unit 'default'
2025-04-25 10:16:00 [Thread-11] INFO  com.zaxxer.hikari.HikariDataSource - HikariPool-3 - Shutdown initiated...
2025-04-25 10:16:00 [Thread-11] INFO  com.zaxxer.hikari.HikariDataSource - HikariPool-3 - Shutdown completed.
